TN:
SF:__fixtures__/result.js
FNF:0
FNH:0
DA:1,1
DA:2,1
DA:3,1
DA:4,1
DA:5,1
DA:6,1
DA:7,1
DA:8,1
DA:9,1
DA:10,1
DA:11,1
DA:12,1
DA:13,1
DA:14,1
DA:15,1
DA:16,1
DA:17,1
DA:18,1
DA:19,1
DA:20,1
DA:21,1
DA:22,1
DA:23,1
DA:24,1
DA:25,1
DA:26,1
DA:27,1
DA:28,1
DA:29,1
DA:30,1
DA:31,1
DA:32,1
DA:33,1
DA:34,1
DA:35,1
DA:36,1
DA:37,1
DA:38,1
DA:39,1
DA:40,1
DA:41,1
DA:42,1
DA:43,1
DA:44,1
DA:45,1
DA:46,1
DA:47,1
DA:48,1
DA:49,1
DA:50,1
DA:51,1
DA:52,1
DA:53,1
LF:53
LH:53
BRF:0
BRH:0
end_of_record
TN:
SF:src/comparer.js
FN:3,buildTree
FNF:1
FNH:1
FNDA:1,buildTree
DA:1,1
DA:2,1
DA:3,1
DA:4,1
DA:5,1
DA:6,1
DA:7,5
DA:8,2
DA:9,2
DA:10,5
DA:11,1
DA:12,1
DA:13,5
DA:14,2
DA:15,2
DA:16,1
DA:17,1
DA:18,1
DA:19,1
DA:20,1
DA:21,1
DA:22,1
LF:22
LH:22
BRDA:3,0,0,1
BRDA:6,1,0,5
BRDA:7,2,0,4
BRDA:7,3,0,2
BRDA:8,4,0,1
BRDA:9,5,0,4
BRDA:10,6,0,1
BRDA:12,7,0,3
BRDA:13,8,0,2
BRDA:15,9,0,1
BRF:10
BRH:10
end_of_record
TN:
SF:src/idex.js
FN:7,makeCompare
FN:8,getType
FN:9,readFile
FNF:3
FNH:3
FNDA:1,makeCompare
FNDA:2,getType
FNDA:2,readFile
DA:1,1
DA:2,1
DA:3,1
DA:4,1
DA:5,1
DA:6,1
DA:7,1
DA:8,1
DA:9,1
DA:10,1
DA:11,1
DA:12,1
DA:13,1
DA:14,1
DA:15,1
DA:16,1
DA:17,1
DA:18,1
LF:18
LH:18
BRDA:7,0,0,1
BRDA:8,1,0,2
BRDA:9,2,0,2
BRF:3
BRH:3
end_of_record
TN:
SF:src/parser.js
FN:3,parser
FNF:1
FNH:1
FNDA:2,parser
DA:1,1
DA:2,1
DA:3,1
DA:4,2
DA:5,2
DA:6,2
DA:7,2
DA:8,0
DA:9,2
DA:10,0
DA:11,2
DA:12,0
DA:13,2
DA:14,2
LF:14
LH:11
BRDA:3,0,0,2
BRDA:7,1,0,0
BRDA:9,2,0,0
BRDA:11,3,0,0
BRF:4
BRH:1
end_of_record
